<?xml version="1.0" encoding="UTF-8"?>
<testng-results ignored="0" total="2" passed="2" failed="0" skipped="0">
  <reporter-output>
  </reporter-output>
  <suite started-at="2022-01-26T13:33:47 IST" name="Default suite" finished-at="2022-01-26T13:33:57 IST" duration-ms="10273">
    <groups>
    </groups>
    <test started-at="2022-01-26T13:33:47 IST" name="Default test" finished-at="2022-01-26T13:33:57 IST" duration-ms="10273">
      <class name="commandPromptTest.CreateOrgTest">
        <test-method signature="create_org_Test()[pri:0, instance:commandPromptTest.CreateOrgTest@2cd2a21f]" started-at="2022-01-26T13:33:47 IST" name="create_org_Test" finished-at="2022-01-26T13:33:57 IST" duration-ms="10172" status="PASS">
          <reporter-output>
          </reporter-output>
        </test-method> <!-- create_org_Test -->
        <test-method signature="create_org_with_industry_Test()[pri:0, instance:commandPromptTest.CreateOrgTest@2cd2a21f]" started-at="2022-01-26T13:33:57 IST" name="create_org_with_industry_Test" finished-at="2022-01-26T13:33:57 IST" duration-ms="2" status="PASS">
          <reporter-output>
          </reporter-output>
        </test-method> <!-- create_org_with_industry_Test -->
      </class> <!-- commandPromptTest.CreateOrgTest -->
    </test> <!-- Default test -->
  </suite> <!-- Default suite -->
</testng-results>
